<?xml version="1.0" encoding="UTF-8"?>
<!-- Generated by org.testng.reporters.JUnitReportReporter -->
<testsuite hostname="Naveens-MacBook-Pro-2.local" failures="0" tests="1" name="example.one.Demo1" time="5.687" errors="0" timestamp="2024-04-20T09:50:52 BST" skipped="0">
  <testcase classname="example.one.Demo1" name="openHomePage" time="5.687"/>
</testsuite> <!-- example.one.Demo1 -->
